#
# There is insufficient memory for the Java Runtime Environment to continue.
# Native memory allocation (malloc) failed to allocate 680096 bytes for Chunk::new
# Possible reasons:
#   The system is out of physical RAM or swap space
#   The process is running with CompressedOops enabled, and the Java Heap may be blocking the growth of the native heap
# Possible solutions:
#   Reduce memory load on the system
#   Increase physical memory or swap space
#   Check if swap backing store is full
#   Decrease Java heap size (-Xmx/-Xms)
#   Decrease number of Java threads
#   Decrease Java thread stack sizes (-Xss)
#   Set larger code cache with -XX:ReservedCodeCacheSize=
#   JVM is running with Unscaled Compressed Oops mode in which the Java heap is
#     placed in the first 4GB address space. The Java Heap base address is the
#     maximum limit for the native heap growth. Please use -XX:HeapBaseMinAddress
#     to set the Java Heap base and to place the Java Heap above 4GB virtual address.
# This output file may be truncated or incomplete.
#
#  Out of Memory Error (./src/hotspot/share/memory/arena.cpp:197), pid=19408, tid=15116
#
# JRE version: OpenJDK Runtime Environment (11.0.11+9) (build 11.0.11+9-b60-7590822)
# Java VM: OpenJDK 64-Bit Server VM (11.0.11+9-b60-7590822, mixed mode, tiered, compressed oops, g1 gc, windows-amd64)
# No core dump will be written. Minidumps are not enabled by default on client versions of Windows
#

---------------  S U M M A R Y ------------

Command Line: --add-opens=java.base/java.util=ALL-UNNAMED --add-opens=java.base/java.lang=ALL-UNNAMED --add-opens=java.base/java.lang.invoke=ALL-UNNAMED --add-opens=java.base/java.util=ALL-UNNAMED --add-opens=java.prefs/java.util.prefs=ALL-UNNAMED --add-opens=java.prefs/java.util.prefs=ALL-UNNAMED --add-opens=java.base/java.nio.charset=ALL-UNNAMED --add-opens=java.base/java.net=ALL-UNNAMED --add-opens=java.base/java.util.concurrent.atomic=ALL-UNNAMED -Xmx2048m -Dfile.encoding=UTF-8 -Duser.country=US -Duser.language=en -Duser.variant org.gradle.launcher.daemon.bootstrap.GradleDaemon 7.2

Host: Intel(R) Core(TM) i9-10900K CPU @ 3.70GHz, 20 cores, 15G,  Windows 10 , 64 bit Build 22000 (10.0.22000.434)
Time: Tue Apr 26 22:32:39 2022 Arab Standard Time elapsed time: 3.086604 seconds (0d 0h 0m 3s)

---------------  T H R E A D  ---------------

Current thread (0x00000240c3d16000):  JavaThread "C2 CompilerThread0" daemon [_thread_in_native, id=15116, stack(0x000000f728f00000,0x000000f729000000)]


Current CompileTask:
C2:   3086 3546       4       java.net.URLClassLoader$1::run (5 bytes)

Stack: [0x000000f728f00000,0x000000f729000000]
Native frames: (J=compiled Java code, j=interpreted, Vv=VM code, C=native code)
V  [jvm.dll+0x5f214a]
V  [jvm.dll+0x726fb5]
V  [jvm.dll+0x7285cd]
V  [jvm.dll+0x728c83]
V  [jvm.dll+0x243278]
V  [jvm.dll+0xbc53c]
V  [jvm.dll+0xbca3c]
V  [jvm.dll+0x2b5c34]
V  [jvm.dll+0x508488]
V  [jvm.dll+0x1fd4b5]
V  [jvm.dll+0x1fb35f]
V  [jvm.dll+0x183d6c]
V  [jvm.dll+0x209a57]
V  [jvm.dll+0x2082a1]
V  [jvm.dll+0x6ef58f]
V  [jvm.dll+0x6e80b5]
V  [jvm.dll+0x5f1036]
C  [ucrtbase.dll+0x26c0c]
C  [KERNEL32.DLL+0x154e0]
C  [ntdll.dll+0x485b]


---------------  P R O C E S S  ---------------

Threads class SMR info:
_java_thread_list=0x00000240caafc700, length=37, elements={
0x00000240a604e800, 0x00000240c3405000, 0x00000240c3410800, 0x00000240c3d12800,
0x00000240c3d13800, 0x00000240c3d14800, 0x00000240c3d16000, 0x00000240c3d22800,
0x00000240c3d25800, 0x00000240c3e33800, 0x00000240c3e85000, 0x00000240c45d6800,
0x00000240c4686000, 0x00000240c7081800, 0x00000240c5f98800, 0x00000240c5212800,
0x00000240c5e52000, 0x00000240c55b7800, 0x00000240c4454800, 0x00000240c5d75800,
0x00000240c63f4000, 0x00000240c63f7000, 0x00000240c63a9800, 0x00000240c63a6800,
0x00000240c63a4000, 0x00000240c63a8000, 0x00000240c7486800, 0x00000240c63a8800,
0x00000240c6f6a800, 0x00000240c63aa800, 0x00000240c63a4800, 0x00000240c63a5800,
0x00000240c63a7000, 0x00000240ca890800, 0x00000240ca892800, 0x00000240c7856800,
0x00000240ca890000
}

Java Threads: ( => current thread )
  0x00000240a604e800 JavaThread "main" [_thread_blocked, id=8360, stack(0x000000f728300000,0x000000f728400000)]
  0x00000240c3405000 JavaThread "Reference Handler" daemon [_thread_blocked, id=9700, stack(0x000000f728a00000,0x000000f728b00000)]
  0x00000240c3410800 JavaThread "Finalizer" daemon [_thread_blocked, id=23112, stack(0x000000f728b00000,0x000000f728c00000)]
  0x00000240c3d12800 JavaThread "Signal Dispatcher" daemon [_thread_blocked, id=2160, stack(0x000000f728c00000,0x000000f728d00000)]
  0x00000240c3d13800 JavaThread "Attach Listener" daemon [_thread_blocked, id=3720, stack(0x000000f728d00000,0x000000f728e00000)]
  0x00000240c3d14800 JavaThread "Service Thread" daemon [_thread_blocked, id=17580, stack(0x000000f728e00000,0x000000f728f00000)]
=>0x00000240c3d16000 JavaThread "C2 CompilerThread0" daemon [_thread_in_native, id=15116, stack(0x000000f728f00000,0x000000f729000000)]
  0x00000240c3d22800 JavaThread "C1 CompilerThread0" daemon [_thread_blocked, id=15484, stack(0x000000f729000000,0x000000f729100000)]
  0x00000240c3d25800 JavaThread "Sweeper thread" daemon [_thread_blocked, id=22772, stack(0x000000f729100000,0x000000f729200000)]
  0x00000240c3e33800 JavaThread "C1 CompilerThread1" daemon [_thread_blocked, id=19644, stack(0x000000f729200000,0x000000f729300000)]
  0x00000240c3e85000 JavaThread "Common-Cleaner" daemon [_thread_blocked, id=1320, stack(0x000000f729300000,0x000000f729400000)]
  0x00000240c45d6800 JavaThread "C1 CompilerThread2" daemon [_thread_blocked, id=23804, stack(0x000000f729700000,0x000000f729800000)]
  0x00000240c4686000 JavaThread "C1 CompilerThread3" daemon [_thread_blocked, id=21808, stack(0x000000f729800000,0x000000f729900000)]
  0x00000240c7081800 JavaThread "Daemon health stats" [_thread_blocked, id=7464, stack(0x000000f729e00000,0x000000f729f00000)]
  0x00000240c5f98800 JavaThread "Incoming local TCP Connector on port 57128" [_thread_in_native, id=14116, stack(0x000000f729500000,0x000000f729600000)]
  0x00000240c5212800 JavaThread "Daemon periodic checks" [_thread_blocked, id=1888, stack(0x000000f729600000,0x000000f729700000)]
  0x00000240c5e52000 JavaThread "Daemon" [_thread_blocked, id=2176, stack(0x000000f729f00000,0x000000f72a000000)]
  0x00000240c55b7800 JavaThread "Handler for socket connection from /127.0.0.1:57128 to /127.0.0.1:57129" [_thread_in_native, id=18084, stack(0x000000f72a000000,0x000000f72a100000)]
  0x00000240c4454800 JavaThread "Cancel handler" [_thread_blocked, id=21872, stack(0x000000f72a100000,0x000000f72a200000)]
  0x00000240c5d75800 JavaThread "Daemon worker" [_thread_in_Java, id=20276, stack(0x000000f72a200000,0x000000f72a300000)]
  0x00000240c63f4000 JavaThread "Asynchronous log dispatcher for DefaultDaemonConnection: socket connection from /127.0.0.1:57128 to /127.0.0.1:57129" [_thread_blocked, id=22960, stack(0x000000f72a300000,0x000000f72a400000)]
  0x00000240c63f7000 JavaThread "Stdin handler" [_thread_blocked, id=24128, stack(0x000000f72a400000,0x000000f72a500000)]
  0x00000240c63a9800 JavaThread "Daemon client event forwarder" [_thread_blocked, id=16200, stack(0x000000f72a500000,0x000000f72a600000)]
  0x00000240c63a6800 JavaThread "Cache worker for journal cache (E:\Projects\Munjz\Android\cumunjzandroid\.gradle\7.2\caches\journal-1)" [_thread_blocked, id=14180, stack(0x000000f72a600000,0x000000f72a700000)]
  0x00000240c63a4000 JavaThread "File lock request listener" [_thread_in_native, id=13736, stack(0x000000f72a700000,0x000000f72a800000)]
  0x00000240c63a8000 JavaThread "Cache worker for file hash cache (E:\Projects\Munjz\Android\cumunjzandroid\.gradle\7.2\caches\7.2\fileHashes)" [_thread_blocked, id=23272, stack(0x000000f72a800000,0x000000f72a900000)]
  0x00000240c7486800 JavaThread "C2 CompilerThread1" daemon [_thread_in_native, id=18860, stack(0x000000f72b500000,0x000000f72b600000)]
  0x00000240c63a8800 JavaThread "Cache worker for file hash cache (E:\Projects\Freelance\2022\CalCalories\Android\CalCalories\.gradle\7.2\fileHashes)" [_thread_blocked, id=18092, stack(0x000000f72b600000,0x000000f72b700000)]
  0x00000240c6f6a800 JavaThread "C2 CompilerThread2" daemon [_thread_blocked, id=6768, stack(0x000000f72b700000,0x000000f72b800000)]
  0x00000240c63aa800 JavaThread "File watcher server" daemon [_thread_in_native, id=13760, stack(0x000000f72b800000,0x000000f72b900000)]
  0x00000240c63a4800 JavaThread "File watcher consumer" daemon [_thread_blocked, id=23884, stack(0x000000f72b900000,0x000000f72ba00000)]
  0x00000240c63a5800 JavaThread "Cache worker for checksums cache (E:\Projects\Freelance\2022\CalCalories\Android\CalCalories\.gradle\checksums)" [_thread_blocked, id=20404, stack(0x000000f72ba00000,0x000000f72bb00000)]
  0x00000240c63a7000 JavaThread "Cache worker for cache directory md-supplier (E:\Projects\Munjz\Android\cumunjzandroid\.gradle\7.2\caches\7.2\md-supplier)" [_thread_blocked, id=6992, stack(0x000000f72bb00000,0x000000f72bc00000)]
  0x00000240ca890800 JavaThread "Cache worker for cache directory md-rule (E:\Projects\Munjz\Android\cumunjzandroid\.gradle\7.2\caches\7.2\md-rule)" [_thread_blocked, id=7108, stack(0x000000f72bc00000,0x000000f72bd00000)]
  0x00000240ca892800 JavaThread "Cache worker for execution history cache (E:\Projects\Munjz\Android\cumunjzandroid\.gradle\7.2\caches\7.2\executionHistory)" [_thread_blocked, id=3144, stack(0x000000f72bd00000,0x000000f72be00000)]
  0x00000240c7856800 JavaThread "C2 CompilerThread3" daemon [_thread_blocked, id=13604, stack(0x000000f72be00000,0x000000f72bf00000)]
  0x00000240ca890000 JavaThread "jar transforms" [_thread_blocked, id=14752, stack(0x000000f72bf00000,0x000000f72c000000)]

Other Threads:
  0x00000240c3cc5000 VMThread "VM Thread" [stack: 0x000000f728900000,0x000000f728a00000] [id=21960]
  0x00000240c3ef7000 WatcherThread [stack: 0x000000f729400000,0x000000f729500000] [id=24304]
  0x00000240a6067800 GCTaskThread "GC Thread#0" [stack: 0x000000f728400000,0x000000f728500000] [id=1660]
  0x00000240c5149800 GCTaskThread "GC Thread#1" [stack: 0x000000f729900000,0x000000f729a00000] [id=10516]
  0x00000240c4bea800 GCTaskThread "GC Thread#2" [stack: 0x000000f729a00000,0x000000f729b00000] [id=7752]
  0x00000240c4dd5000 GCTaskThread "GC Thread#3" [stack: 0x000000f729b00000,0x000000f729c00000] [id=1692]
  0x00000240c4bd2800 GCTaskThread "GC Thread#4" [stack: 0x000000f729c00000,0x000000f729d00000] [id=13704]
  0x00000240c4bd3800 GCTaskThread "GC Thread#5" [stack: 0x000000f729d00000,0x000000f729e00000] [id=20888]
  0x00000240c54a2800 GCTaskThread "GC Thread#6" [stack: 0x000000f72a900000,0x000000f72aa00000] [id=10092]
  0x00000240c67fb000 GCTaskThread "GC Thread#7" [stack: 0x000000f72aa00000,0x000000f72ab00000] [id=3288]
  0x00000240c6fe7800 GCTaskThread "GC Thread#8" [stack: 0x000000f72ab00000,0x000000f72ac00000] [id=11956]
  0x00000240c5c7d800 GCTaskThread "GC Thread#9" [stack: 0x000000f72ac00000,0x000000f72ad00000] [id=20984]
  0x00000240c5ffa800 GCTaskThread "GC Thread#10" [stack: 0x000000f72ad00000,0x000000f72ae00000] [id=7260]
  0x00000240c6a02800 GCTaskThread "GC Thread#11" [stack: 0x000000f72ae00000,0x000000f72af00000] [id=9600]
  0x00000240c6788800 GCTaskThread "GC Thread#12" [stack: 0x000000f72af00000,0x000000f72b000000] [id=23144]
  0x00000240c6789800 GCTaskThread "GC Thread#13" [stack: 0x000000f72b000000,0x000000f72b100000] [id=20300]
  0x00000240c65f1000 GCTaskThread "GC Thread#14" [stack: 0x000000f72b100000,0x000000f72b200000] [id=20528]
  0x00000240a609e000 ConcurrentGCThread "G1 Main Marker" [stack: 0x000000f728500000,0x000000f728600000] [id=5004]
  0x00000240a60a0000 ConcurrentGCThread "G1 Conc#0" [stack: 0x000000f728600000,0x000000f728700000] [id=12968]
  0x00000240c620d000 ConcurrentGCThread "G1 Conc#1" [stack: 0x000000f72b200000,0x000000f72b300000] [id=11532]
  0x00000240c669c000 ConcurrentGCThread "G1 Conc#2" [stack: 0x000000f72b300000,0x000000f72b400000] [id=7632]
  0x00000240c6696800 ConcurrentGCThread "G1 Conc#3" [stack: 0x000000f72b400000,0x000000f72b500000] [id=14944]
  0x00000240c32f7000 ConcurrentGCThread "G1 Refine#0" [stack: 0x000000f728700000,0x000000f728800000] [id=12012]
  0x00000240c32f8000 ConcurrentGCThread "G1 Young RemSet Sampling" [stack: 0x000000f728800000,0x000000f728900000] [id=1624]

Threads with active compile tasks:
C2 CompilerThread0   3125 3546       4       java.net.URLClassLoader$1::run (5 bytes)
C2 CompilerThread1   3125 3547   !   4       java.net.URLClassLoader$1::run (63 bytes)

VM state:not at safepoint (normal execution)

VM Mutex/Monitor currently owned by a thread: None

Heap address: 0x0000000080000000, size: 2048 MB, Compressed Oops mode: 32-bit
Narrow klass base: 0x0000000000000000, Narrow klass shift: 3
Compressed class space size: 1073741824 Address: 0x0000000100000000

Heap:
 garbage-first heap   total 260096K, used 54323K [0x0000000080000000, 0x0000000100000000)
  region size 1024K, 39 young (39936K), 6 survivors (6144K)
 Metaspace       used 37582K, capacity 38449K, committed 38652K, reserved 1083392K
  class space    used 4848K, capacity 5191K, committed 5248K, reserved 1048576K
Heap Regions: E=young(eden), S=young(survivor), O=old, HS=humongous(starts), HC=humongous(continues), CS=collection set, F=free, A=archive, TAMS=top-at-mark-start (previous, next)
|   0|0x0000000080000000, 0x0000000080100000, 0x0000000080100000|100%| O|  |TAMS 0x0000000080100000, 0x0000000080000000| Untracked 
|   1|0x0000000080100000, 0x0000000080200000, 0x0000000080200000|100%| O|  |TAMS 0x0000000080200000, 0x0000000080100000| Untracked 
|   2|0x0000000080200000, 0x0000000080300000, 0x0000000080300000|100%| O|  |TAMS 0x0000000080300000, 0x0000000080200000| Untracked 
|   3|0x0000000080300000, 0x0000000080400000, 0x0000000080400000|100%|HS|  |TAMS 0x0000000080400000, 0x0000000080300000| Complete 
|   4|0x0000000080400000, 0x0000000080500000, 0x0000000080500000|100%|HC|  |TAMS 0x0000000080500000, 0x0000000080400000| Complete 
|   5|0x0000000080500000, 0x0000000080600000, 0x0000000080600000|100%|HC|  |TAMS 0x0000000080600000, 0x0000000080500000| Complete 
|   6|0x0000000080600000, 0x0000000080700000, 0x0000000080700000|100%| O|  |TAMS 0x0000000080700000, 0x0000000080600000| Untracked 
|   7|0x0000000080700000, 0x0000000080800000, 0x0000000080800000|100%| O|  |TAMS 0x0000000080800000, 0x0000000080700000| Untracked 
|   8|0x0000000080800000, 0x0000000080900000, 0x0000000080900000|100%| O|  |TAMS 0x0000000080900000, 0x0000000080800000| Untracked 
|   9|0x0000000080900000, 0x0000000080a00000, 0x0000000080a00000|100%| O|  |TAMS 0x0000000080a00000, 0x0000000080900000| Untracked 
|  10|0x0000000080a00000, 0x0000000080b00000, 0x0000000080b00000|100%| O|  |TAMS 0x0000000080b00000, 0x0000000080a00000| Untracked 
|  11|0x0000000080b00000, 0x0000000080c00000, 0x0000000080c00000|100%| O|  |TAMS 0x0000000080c00000, 0x0000000080b00000| Untracked 
|  12|0x0000000080c00000, 0x0000000080d00000, 0x0000000080d00000|100%| O|  |TAMS 0x0000000080d00000, 0x0000000080c00000| Untracked 
|  13|0x0000000080d00000, 0x0000000080e00000, 0x0000000080e00000|100%| O|  |TAMS 0x0000000080e00000, 0x0000000080d00000| Untracked 
|  14|0x0000000080e00000, 0x0000000080f00000, 0x0000000080f00000|100%| O|  |TAMS 0x0000000080f00000, 0x0000000080e00000| Untracked 
|  15|0x0000000080f00000, 0x0000000081000000, 0x0000000081000000|100%| O|  |TAMS 0x0000000081000000, 0x0000000080f00000| Untracked 
|  16|0x0000000081000000, 0x0000000081048400, 0x0000000081100000| 28%| O|  |TAMS 0x0000000081048400, 0x0000000081000000| Untracked 
|  17|0x0000000081100000, 0x0000000081100000, 0x0000000081200000|  0%| F|  |TAMS 0x0000000081100000, 0x0000000081100000| Untracked 
|  18|0x0000000081200000, 0x0000000081200000, 0x0000000081300000|  0%| F|  |TAMS 0x0000000081200000, 0x0000000081200000| Untracked 
|  19|0x0000000081300000, 0x0000000081300000, 0x0000000081400000|  0%| F|  |TAMS 0x0000000081300000, 0x0000000081300000| Untracked 
|  20|0x0000000081400000, 0x0000000081400000, 0x0000000081500000|  0%| F|  |TAMS 0x0000000081400000, 0x0000000081400000| Untracked 
|  21|0x0000000081500000, 0x0000000081500000, 0x0000000081600000|  0%| F|  |TAMS 0x0000000081500000, 0x0000000081500000| Untracked 
|  22|0x0000000081600000, 0x0000000081600000, 0x0000000081700000|  0%| F|  |TAMS 0x0000000081600000, 0x0000000081600000| Untracked 
|  23|0x0000000081700000, 0x0000000081700000, 0x0000000081800000|  0%| F|  |TAMS 0x0000000081700000, 0x0000000081700000| Untracked 
|  24|0x0000000081800000, 0x0000000081800000, 0x0000000081900000|  0%| F|  |TAMS 0x0000000081800000, 0x0000000081800000| Untracked 
|  25|0x0000000081900000, 0x0000000081900000, 0x0000000081a00000|  0%| F|  |TAMS 0x0000000081900000, 0x0000000081900000| Untracked 
|  26|0x0000000081a00000, 0x0000000081a00000, 0x0000000081b00000|  0%| F|  |TAMS 0x0000000081a00000, 0x0000000081a00000| Untracked 
|  27|0x0000000081b00000, 0x0000000081b00000, 0x0000000081c00000|  0%| F|  |TAMS 0x0000000081b00000, 0x0000000081b00000| Untracked 
|  28|0x0000000081c00000, 0x0000000081c00000, 0x0000000081d00000|  0%| F|  |TAMS 0x0000000081c00000, 0x0000000081c00000| Untracked 
|  29|0x0000000081d00000, 0x0000000081d00000, 0x0000000081e00000|  0%| F|  |TAMS 0x0000000081d00000, 0x0000000081d00000| Untracked 
|  30|0x0000000081e00000, 0x0000000081e00000, 0x0000000081f00000|  0%| F|  |TAMS 0x0000000081e00000, 0x0000000081e00000| Untracked 
|  31|0x0000000081f00000, 0x0000000081f00000, 0x0000000082000000|  0%| F|  |TAMS 0x0000000081f00000, 0x0000000081f00000| Untracked 
|  32|0x0000000082000000, 0x0000000082000000, 0x0000000082100000|  0%| F|  |TAMS 0x0000000082000000, 0x0000000082000000| Untracked 
|  33|0x0000000082100000, 0x0000000082100000, 0x0000000082200000|  0%| F|  |TAMS 0x0000000082100000, 0x0000000082100000| Untracked 
|  34|0x0000000082200000, 0x0000000082200000, 0x0000000082300000|  0%| F|  |TAMS 0x0000000082200000, 0x0000000082200000| Untracked 
|  35|0x0000000082300000, 0x0000000082300000, 0x0000000082400000|  0%| F|  |TAMS 0x0000000082300000, 0x0000000082300000| Untracked 
|  36|0x0000000082400000, 0x0000000082400000, 0x0000000082500000|  0%| F|  |TAMS 0x0000000082400000, 0x0000000082400000| Untracked 
|  37|0x0000000082500000, 0x0000000082500000, 0x0000000082600000|  0%| F|  |TAMS 0x0000000082500000, 0x0000000082500000| Untracked 
|  38|0x0000000082600000, 0x0000000082600000, 0x0000000082700000|  0%| F|  |TAMS 0x0000000082600000, 0x0000000082600000| Untracked 
|  39|0x0000000082700000, 0x0000000082700000, 0x0000000082800000|  0%| F|  |TAMS 0x0000000082700000, 0x0000000082700000| Untracked 
|  40|0x0000000082800000, 0x0000000082800000, 0x0000000082900000|  0%| F|  |TAMS 0x0000000082800000, 0x0000000082800000| Untracked 
|  41|0x0000000082900000, 0x0000000082900000, 0x0000000082a00000|  0%| F|  |TAMS 0x0000000082900000, 0x0000000082900000| Untracked 
|  42|0x0000000082a00000, 0x0000000082a00000, 0x0000000082b00000|  0%| F|  |TAMS 0x0000000082a00000, 0x0000000082a00000| Untracked 
|  43|0x0000000082b00000, 0x0000000082b00000, 0x0000000082c00000|  0%| F|  |TAMS 0x0000000082b00000, 0x0000000082b00000| Untracked 
|  44|0x0000000082c00000, 0x0000000082c00000, 0x0000000082d00000|  0%| F|  |TAMS 0x0000000082c00000, 0x0000000082c00000| Untracked 
|  45|0x0000000082d00000, 0x0000000082d00000, 0x0000000082e00000|  0%| F|  |TAMS 0x0000000082d00000, 0x0000000082d00000| Untracked 
|  46|0x0000000082e00000, 0x0000000082e00000, 0x0000000082f00000|  0%| F|  |TAMS 0x0000000082e00000, 0x0000000082e00000| Untracked 
|  47|0x0000000082f00000, 0x0000000082f00000, 0x0000000083000000|  0%| F|  |TAMS 0x0000000082f00000, 0x0000000082f00000| Untracked 
|  48|0x0000000083000000, 0x0000000083000000, 0x0000000083100000|  0%| F|  |TAMS 0x0000000083000000, 0x0000000083000000| Untracked 
|  49|0x0000000083100000, 0x0000000083100000, 0x0000000083200000|  0%| F|  |TAMS 0x0000000083100000, 0x0000000083100000| Untracked 
|  50|0x0000000083200000, 0x0000000083200000, 0x0000000083300000|  0%| F|  |TAMS 0x0000000083200000, 0x0000000083200000| Untracked 
|  51|0x0000000083300000, 0x0000000083300000, 0x0000000083400000|  0%| F|  |TAMS 0x0000000083300000, 0x0000000083300000| Untracked 
|  52|0x0000000083400000, 0x0000000083400000, 0x0000000083500000|  0%| F|  |TAMS 0x0000000083400000, 0x0000000083400000| Untracked 
|  53|0x0000000083500000, 0x0000000083500000, 0x0000000083600000|  0%| F|  |TAMS 0x0000000083500000, 0x0000000083500000| Untracked 
|  54|0x0000000083600000, 0x0000000083600000, 0x0000000083700000|  0%| F|  |TAMS 0x0000000083600000, 0x0000000083600000| Untracked 
|  55|0x0000000083700000, 0x0000000083700000, 0x0000000083800000|  0%| F|  |TAMS 0x0000000083700000, 0x0000000083700000| Untracked 
|  56|0x0000000083800000, 0x0000000083800000, 0x0000000083900000|  0%| F|  |TAMS 0x0000000083800000, 0x0000000083800000| Untracked 
|  57|0x0000000083900000, 0x0000000083900000, 0x0000000083a00000|  0%| F|  |TAMS 0x0000000083900000, 0x0000000083900000| Untracked 
|  58|0x0000000083a00000, 0x0000000083a00000, 0x0000000083b00000|  0%| F|  |TAMS 0x0000000083a00000, 0x0000000083a00000| Untracked 
|  59|0x0000000083b00000, 0x0000000083b00000, 0x0000000083c00000|  0%| F|  |TAMS 0x0000000083b00000, 0x0000000083b00000| Untracked 
|  60|0x0000000083c00000, 0x0000000083c00000, 0x0000000083d00000|  0%| F|  |TAMS 0x0000000083c00000, 0x0000000083c00000| Untracked 
|  61|0x0000000083d00000, 0x0000000083d00000, 0x0000000083e00000|  0%| F|  |TAMS 0x0000000083d00000, 0x0000000083d00000| Untracked 
|  62|0x0000000083e00000, 0x0000000083e00000, 0x0000000083f00000|  0%| F|  |TAMS 0x0000000083e00000, 0x0000000083e00000| Untracked 
|  63|0x0000000083f00000, 0x0000000083f00000, 0x0000000084000000|  0%| F|  |TAMS 0x0000000083f00000, 0x0000000083f00000| Untracked 
|  64|0x0000000084000000, 0x0000000084000000, 0x0000000084100000|  0%| F|  |TAMS 0x0000000084000000, 0x0000000084000000| Untracked 
|  65|0x0000000084100000, 0x0000000084100000, 0x0000000084200000|  0%| F|  |TAMS 0x0000000084100000, 0x0000000084100000| Untracked 
|  66|0x0000000084200000, 0x0000000084200000, 0x0000000084300000|  0%| F|  |TAMS 0x0000000084200000, 0x0000000084200000| Untracked 
|  67|0x0000000084300000, 0x0000000084300000, 0x0000000084400000|  0%| F|  |TAMS 0x0000000084300000, 0x0000000084300000| Untracked 
|  68|0x0000000084400000, 0x0000000084400000, 0x0000000084500000|  0%| F|  |TAMS 0x0000000084400000, 0x0000000084400000| Untracked 
|  69|0x0000000084500000, 0x0000000084500000, 0x0000000084600000|  0%| F|  |TAMS 0x0000000084500000, 0x0000000084500000| Untracked 
|  70|0x0000000084600000, 0x0000000084600000, 0x0000000084700000|  0%| F|  |TAMS 0x0000000084600000, 0x0000000084600000| Untracked 
|  71|0x0000000084700000, 0x0000000084700000, 0x0000000084800000|  0%| F|  |TAMS 0x0000000084700000, 0x0000000084700000| Untracked 
|  72|0x0000000084800000, 0x0000000084800000, 0x0000000084900000|  0%| F|  |TAMS 0x0000000084800000, 0x0000000084800000| Untracked 
|  73|0x0000000084900000, 0x0000000084900000, 0x0000000084a00000|  0%| F|  |TAMS 0x0000000084900000, 0x0000000084900000| Untracked 
|  74|0x0000000084a00000, 0x0000000084a00000, 0x0000000084b00000|  0%| F|  |TAMS 0x0000000084a00000, 0x0000000084a00000| Untracked 
|  75|0x0000000084b00000, 0x0000000084b00000, 0x0000000084c00000|  0%| F|  |TAMS 0x0000000084b00000, 0x0000000084b00000| Untracked 
|  76|0x0000000084c00000, 0x0000000084c00000, 0x0000000084d00000|  0%| F|  |TAMS 0x0000000084c00000, 0x0000000084c00000| Untracked 
|  77|0x0000000084d00000, 0x0000000084d00000, 0x0000000084e00000|  0%| F|  |TAMS 0x0000000084d00000, 0x0000000084d00000| Untracked 
|  78|0x0000000084e00000, 0x0000000084e00000, 0x0000000084f00000|  0%| F|  |TAMS 0x0000000084e00000, 0x0000000084e00000| Untracked 
|  79|0x0000000084f00000, 0x0000000084f00000, 0x0000000085000000|  0%| F|  |TAMS 0x0000000084f00000, 0x0000000084f00000| Untracked 
|  80|0x0000000085000000, 0x0000000085000000, 0x0000000085100000|  0%| F|  |TAMS 0x0000000085000000, 0x0000000085000000| Untracked 
|  81|0x0000000085100000, 0x0000000085100000, 0x0000000085200000|  0%| F|  |TAMS 0x0000000085100000, 0x0000000085100000| Untracked 
|  82|0x0000000085200000, 0x0000000085200000, 0x0000000085300000|  0%| F|  |TAMS 0x0000000085200000, 0x0000000085200000| Untracked 
|  83|0x0000000085300000, 0x0000000085300000, 0x0000000085400000|  0%| F|  |TAMS 0x0000000085300000, 0x0000000085300000| Untracked 
|  84|0x0000000085400000, 0x0000000085400000, 0x0000000085500000|  0%| F|  |TAMS 0x0000000085400000, 0x0000000085400000| Untracked 
|  85|0x0000000085500000, 0x0000000085500000, 0x0000000085600000|  0%| F|  |TAMS 0x0000000085500000, 0x0000000085500000| Untracked 
|  86|0x0000000085600000, 0x0000000085600000, 0x0000000085700000|  0%| F|  |TAMS 0x0000000085600000, 0x0000000085600000| Untracked 
|  87|0x0000000085700000, 0x0000000085700000, 0x0000000085800000|  0%| F|  |TAMS 0x0000000085700000, 0x0000000085700000| Untracked 
|  88|0x0000000085800000, 0x0000000085800000, 0x0000000085900000|  0%| F|  |TAMS 0x0000000085800000, 0x0000000085800000| Untracked 
|  89|0x0000000085900000, 0x0000000085900000, 0x0000000085a00000|  0%| F|  |TAMS 0x0000000085900000, 0x0000000085900000| Untracked 
|  90|0x0000000085a00000, 0x0000000085a00000, 0x0000000085b00000|  0%| F|  |TAMS 0x0000000085a00000, 0x0000000085a00000| Untracked 
|  91|0x0000000085b00000, 0x0000000085b00000, 0x0000000085c00000|  0%| F|  |TAMS 0x0000000085b00000, 0x0000000085b00000| Untracked 
|  92|0x0000000085c00000, 0x0000000085c00000, 0x0000000085d00000|  0%| F|  |TAMS 0x0000000085c00000, 0x0000000085c00000| Untracked 
|  93|0x0000000085d00000, 0x0000000085d00000, 0x0000000085e00000|  0%| F|  |TAMS 0x0000000085d00000, 0x0000000085d00000| Untracked 
|  94|0x0000000085e00000, 0x0000000085e00000, 0x0000000085f00000|  0%| F|  |TAMS 0x0000000085e00000, 0x0000000085e00000| Untracked 
|  95|0x0000000085f00000, 0x0000000085f00000, 0x0000000086000000|  0%| F|  |TAMS 0x0000000085f00000, 0x0000000085f00000| Untracked 
|  96|0x0000000086000000, 0x0000000086000000, 0x0000000086100000|  0%| F|  |TAMS 0x0000000086000000, 0x0000000086000000| Untracked 
|  97|0x0000000086100000, 0x0000000086100000, 0x0000000086200000|  0%| F|  |TAMS 0x0000000086100000, 0x0000000086100000| Untracked 
|  98|0x0000000086200000, 0x0000000086200000, 0x0000000086300000|  0%| F|  |TAMS 0x0000000086200000, 0x0000000086200000| Untracked 
|  99|0x0000000086300000, 0x0000000086300000, 0x0000000086400000|  0%| F|  |TAMS 0x0000000086300000, 0x0000000086300000| Untracked 
| 100|0x0000000086400000, 0x0000000086400000, 0x0000000086500000|  0%| F|  |TAMS 0x0000000086400000, 0x0000000086400000| Untracked 
| 101|0x0000000086500000, 0x0000000086500000, 0x0000000086600000|  0%| F|  |TAMS 0x0000000086500000, 0x0000000086500000| Untracked 
| 102|0x0000000086600000, 0x0000000086600000, 0x0000000086700000|  0%| F|  |TAMS 0x0000000086600000, 0x0000000086600000| Untracked 
| 103|0x0000000086700000, 0x0000000086700000, 0x0000000086800000|  0%| F|  |TAMS 0x0000000086700000, 0x0000000086700000| Untracked 
| 104|0x0000000086800000, 0x0000000086800000, 0x0000000086900000|  0%| F|  |TAMS 0x0000000086800000, 0x0000000086800000| Untracked 
| 105|0x0000000086900000, 0x0000000086900000, 0x0000000086a00000|  0%| F|  |TAMS 0x0000000086900000, 0x0000000086900000| Untracked 
| 106|0x0000000086a00000, 0x0000000086a00000, 0x0000000086b00000|  0%| F|  |TAMS 0x0000000086a00000, 0x0000000086a00000| Untracked 
| 107|0x0000000086b00000, 0x0000000086b00000, 0x0000000086c00000|  0%| F|  |TAMS 0x0000000086b00000, 0x0000000086b00000| Untracked 
| 108|0x0000000086c00000, 0x0000000086c00000, 0x0000000086d00000|  0%| F|  |TAMS 0x0000000086c00000, 0x0000000086c00000| Untracked 
| 109|0x0000000086d00000, 0x0000000086d00000, 0x0000000086e00000|  0%| F|  |TAMS 0x0000000086d00000, 0x0000000086d00000| Untracked 
| 110|0x0000000086e00000, 0x0000000086e00000, 0x0000000086f00000|  0%| F|  |TAMS 0x0000000086e00000, 0x0000000086e00000| Untracked 
| 111|0x0000000086f00000, 0x0000000086f00000, 0x0000000087000000|  0%| F|  |TAMS 0x0000000086f00000, 0x0000000086f00000| Untracked 
| 112|0x0000000087000000, 0x0000000087000000, 0x0000000087100000|  0%| F|  |TAMS 0x0000000087000000, 0x0000000087000000| Untracked 
| 113|0x0000000087100000, 0x0000000087100000, 0x0000000087200000|  0%| F|  |TAMS 0x0000000087100000, 0x0000000087100000| Untracked 
| 114|0x0000000087200000, 0x0000000087200000, 0x0000000087300000|  0%| F|  |TAMS 0x0000000087200000, 0x0000000087200000| Untracked 
| 115|0x0000000087300000, 0x0000000087300000, 0x0000000087400000|  0%| F|  |TAMS 0x0000000087300000, 0x0000000087300000| Untracked 
| 116|0x0000000087400000, 0x0000000087400000, 0x0000000087500000|  0%| F|  |TAMS 0x0000000087400000, 0x0000000087400000| Untracked 
| 117|0x0000000087500000, 0x0000000087500000, 0x0000000087600000|  0%| F|  |TAMS 0x0000000087500000, 0x0000000087500000| Untracked 
| 118|0x0000000087600000, 0x0000000087600000, 0x0000000087700000|  0%| F|  |TAMS 0x0000000087600000, 0x0000000087600000| Untracked 
| 119|0x0000000087700000, 0x0000000087700000, 0x0000000087800000|  0%| F|  |TAMS 0x0000000087700000, 0x0000000087700000| Untracked 
| 120|0x0000000087800000, 0x0000000087800000, 0x0000000087900000|  0%| F|  |TAMS 0x0000000087800000, 0x0000000087800000| Untracked 
| 121|0x0000000087900000, 0x0000000087900000, 0x0000000087a00000|  0%| F|  |TAMS 0x0000000087900000, 0x0000000087900000| Untracked 
| 122|0x0000000087a00000, 0x0000000087a00000, 0x0000000087b00000|  0%| F|  |TAMS 0x0000000087a00000, 0x0000000087a00000| Untracked 
| 123|0x0000000087b00000, 0x0000000087b00000, 0x0000000087c00000|  0%| F|  |TAMS 0x0000000087b00000, 0x0000000087b00000| Untracked 
| 124|0x0000000087c00000, 0x0000000087c00000, 0x0000000087d00000|  0%| F|  |TAMS 0x0000000087c00000, 0x0000000087c00000| Untracked 
| 125|0x0000000087d00000, 0x0000000087d00000, 0x0000000087e00000|  0%| F|  |TAMS 0x0000000087d00000, 0x0000000087d00000| Untracked 
| 126|0x0000000087e00000, 0x0000000087e00000, 0x0000000087f00000|  0%| F|  |TAMS 0x0000000087e00000, 0x0000000087e00000| Untracked 
| 127|0x0000000087f00000, 0x0000000087f00000, 0x0000000088000000|  0%| F|  |TAMS 0x0000000087f00000, 0x0000000087f00000| Untracked 
| 128|0x0000000088000000, 0x0000000088000000, 0x0000000088100000|  0%| F|  |TAMS 0x0000000088000000, 0x0000000088000000| Untracked 
| 129|0x0000000088100000, 0x0000000088100000, 0x0000000088200000|  0%| F|  |TAMS 0x0000000088100000, 0x0000000088100000| Untracked 
| 130|0x0000000088200000, 0x0000000088200000, 0x0000000088300000|  0%| F|  |TAMS 0x0000000088200000, 0x0000000088200000| Untracked 
| 131|0x0000000088300000, 0x0000000088300000, 0x0000000088400000|  0%| F|  |TAMS 0x0000000088300000, 0x0000000088300000| Untracked 
| 132|0x0000000088400000, 0x0000000088400000, 0x0000000088500000|  0%| F|  |TAMS 0x0000000088400000, 0x0000000088400000| Untracked 
| 133|0x0000000088500000, 0x0000000088500000, 0x0000000088600000|  0%| F|  |TAMS 0x0000000088500000, 0x0000000088500000| Untracked 
| 134|0x0000000088600000, 0x0000000088600000, 0x0000000088700000|  0%| F|  |TAMS 0x0000000088600000, 0x0000000088600000| Untracked 
| 135|0x0000000088700000, 0x0000000088700000, 0x0000000088800000|  0%| F|  |TAMS 0x0000000088700000, 0x0000000088700000| Untracked 
| 136|0x0000000088800000, 0x0000000088800000, 0x0000000088900000|  0%| F|  |TAMS 0x0000000088800000, 0x0000000088800000| Untracked 
| 137|0x0000000088900000, 0x0000000088900000, 0x0000000088a00000|  0%| F|  |TAMS 0x0000000088900000, 0x0000000088900000| Untracked 
| 138|0x0000000088a00000, 0x0000000088a00000, 0x0000000088b00000|  0%| F|  |TAMS 0x0000000088a00000, 0x0000000088a00000| Untracked 
| 139|0x0000000088b00000, 0x0000000088b00000, 0x0000000088c00000|  0%| F|  |TAMS 0x0000000088b00000, 0x0000000088b00000| Untracked 
| 140|0x0000000088c00000, 0x0000000088c00000, 0x0000000088d00000|  0%| F|  |TAMS 0x0000000088c00000, 0x0000000088c00000| Untracked 
| 141|0x0000000088d00000, 0x0000000088d00000, 0x0000000088e00000|  0%| F|  |TAMS 0x0000000088d00000, 0x0000000088d00000| Untracked 
| 142|0x0000000088e00000, 0x0000000088e00000, 0x0000000088f00000|  0%| F|  |TAMS 0x0000000088e00000, 0x0000000088e00000| Untracked 
| 143|0x0000000088f00000, 0x0000000088f00000, 0x0000000089000000|  0%| F|  |TAMS 0x0000000088f00000, 0x0000000088f00000| Untracked 
| 144|0x0000000089000000, 0x0000000089000000, 0x0000000089100000|  0%| F|  |TAMS 0x0000000089000000, 0x0000000089000000| Untracked 
| 145|0x0000000089100000, 0x0000000089100000, 0x0000000089200000|  0%| F|  |TAMS 0x0000000089100000, 0x0000000089100000| Untracked 
| 146|0x0000000089200000, 0x0000000089200000, 0x0000000089300000|  0%| F|  |TAMS 0x0000000089200000, 0x0000000089200000| Untracked 
| 147|0x0000000089300000, 0x0000000089300000, 0x0000000089400000|  0%| F|  |TAMS 0x0000000089300000, 0x0000000089300000| Untracked 
| 148|0x0000000089400000, 0x0000000089400000, 0x0000000089500000|  0%| F|  |TAMS 0x0000000089400000, 0x0000000089400000| Untracked 
| 149|0x0000000089500000, 0x0000000089500000, 0x0000000089600000|  0%| F|  |TAMS 0x0000000089500000, 0x0000000089500000| Untracked 
| 150|0x0000000089600000, 0x0000000089600000, 0x0000000089700000|  0%| F|  |TAMS 0x0000000089600000, 0x0000000089600000| Untracked 
| 151|0x0000000089700000, 0x0000000089700000, 0x0000000089800000|  0%| F|  |TAMS 0x0000000089700000, 0x0000000089700000| Untracked 
| 152|0x0000000089800000, 0x0000000089800000, 0x0000000089900000|  0%| F|  |TAMS 0x0000000089800000, 0x0000000089800000| Untracked 
| 153|0x0000000089900000, 0x0000000089900000, 0x0000000089a00000|  0%| F|  |TAMS 0x0000000089900000, 0x0000000089900000| Untracked 
| 154|0x0000000089a00000, 0x0000000089a00000, 0x0000000089b00000|  0%| F|  |TAMS 0x0000000089a00000, 0x0000000089a00000| Untracked 
| 155|0x0000000089b00000, 0x0000000089b00000, 0x0000000089c00000|  0%| F|  |TAMS 0x0000000089b00000, 0x0000000089b00000| Untracked 
| 156|0x0000000089c00000, 0x0000000089c00000, 0x0000000089d00000|  0%| F|  |TAMS 0x0000000089c00000, 0x0000000089c00000| Untracked 
| 157|0x0000000089d00000, 0x0000000089d00000, 0x0000000089e00000|  0%| F|  |TAMS 0x0000000089d00000, 0x0000000089d00000| Untracked 
| 158|0x0000000089e00000, 0x0000000089e00000, 0x0000000089f00000|  0%| F|  |TAMS 0x0000000089e00000, 0x0000000089e00000| Untracked 
| 159|0x0000000089f00000, 0x0000000089f00000, 0x000000008a000000|  0%| F|  |TAMS 0x0000000089f00000, 0x0000000089f00000| Untracked 
| 160|0x000000008a000000, 0x000000008a000000, 0x000000008a100000|  0%| F|  |TAMS 0x000000008a000000, 0x000000008a000000| Untracked 
| 161|0x000000008a100000, 0x000000008a100000, 0x000000008a200000|  0%| F|  |TAMS 0x000000008a100000, 0x000000008a100000| Untracked 
| 162|0x000000008a200000, 0x000000008a200000, 0x000000008a300000|  0%| F|  |TAMS 0x000000008a200000, 0x000000008a200000| Untracked 
| 163|0x000000008a300000, 0x000000008a300000, 0x000000008a400000|  0%| F|  |TAMS 0x000000008a300000, 0x000000008a300000| Untracked 
| 164|0x000000008a400000, 0x000000008a400000, 0x000000008a500000|  0%| F|  |TAMS 0x000000008a400000, 0x000000008a400000| Untracked 
| 165|0x000000008a500000, 0x000000008a500000, 0x000000008a600000|  0%| F|  |TAMS 0x000000008a500000, 0x000000008a500000| Untracked 
| 166|0x000000008a600000, 0x000000008a600000, 0x000000008a700000|  0%| F|  |TAMS 0x000000008a600000, 0x000000008a600000| Untracked 
| 167|0x000000008a700000, 0x000000008a700000, 0x000000008a800000|  0%| F|  |TAMS 0x000000008a700000, 0x000000008a700000| Untracked 
| 168|0x000000008a800000, 0x000000008a800000, 0x000000008a900000|  0%| F|  |TAMS 0x000000008a800000, 0x000000008a800000| Untracked 
| 169|0x000000008a900000, 0x000000008a900000, 0x000000008aa00000|  0%| F|  |TAMS 0x000000008a900000, 0x000000008a900000| Untracked 
| 170|0x000000008aa00000, 0x000000008aa00000, 0x000000008ab00000|  0%| F|  |TAMS 0x000000008aa00000, 0x000000008aa00000| Untracked 
| 171|0x000000008ab00000, 0x000000008ab00000, 0x000000008ac00000|  0%| F|  |TAMS 0x000000008ab00000, 0x000000008ab00000| Untracked 
| 172|0x000000008ac00000, 0x000000008ac00000, 0x000000008ad00000|  0%| F|  |TAMS 0x000000008ac00000, 0x000000008ac00000| Untracked 
| 173|0x000000008ad00000, 0x000000008ad00000, 0x000000008ae00000|  0%| F|  |TAMS 0x000000008ad00000, 0x000000008ad00000| Untracked 
| 174|0x000000008ae00000, 0x000000008ae00000, 0x000000008af00000|  0%| F|  |TAMS 0x000000008ae00000, 0x000000008ae00000| Untracked 
| 175|0x000000008af00000, 0x000000008af00000, 0x000000008b000000|  0%| F|  |TAMS 0x000000008af00000, 0x000000008af00000| Untracked 
| 176|0x000000008b000000, 0x000000008b000000, 0x000000008b100000|  0%| F|  |TAMS 0x000000008b000000, 0x000000008b000000| Untracked 
| 177|0x000000008b100000, 0x000000008b100000, 0x000000008b200000|  0%| F|  |TAMS 0x000000008b100000, 0x000000008b100000| Untracked 
| 178|0x000000008b200000, 0x000000008b200000, 0x000000008b300000|  0%| F|  |TAMS 0x000000008b200000, 0x000000008b200000| Untracked 
| 179|0x000000008b300000, 0x000000008b300000, 0x000000008b400000|  0%| F|  |TAMS 0x000000008b300000, 0x000000008b300000| Untracked 
| 180|0x000000008b400000, 0x000000008b400000, 0x000000008b500000|  0%| F|  |TAMS 0x000000008b400000, 0x000000008b400000| Untracked 
| 181|0x000000008b500000, 0x000000008b500000, 0x000000008b600000|  0%| F|  |TAMS 0x000000008b500000, 0x000000008b500000| Untracked 
| 182|0x000000008b600000, 0x000000008b600000, 0x000000008b700000|  0%| F|  |TAMS 0x000000008b600000, 0x000000008b600000| Untracked 
| 183|0x000000008b700000, 0x000000008b700000, 0x000000008b800000|  0%| F|  |TAMS 0x000000008b700000, 0x000000008b700000| Untracked 
| 184|0x000000008b800000, 0x000000008b800000, 0x000000008b900000|  0%| F|  |TAMS 0x000000008b800000, 0x000000008b800000| Untracked 
| 185|0x000000008b900000, 0x000000008b9c4a58, 0x000000008ba00000| 76%| S|CS|TAMS 0x000000008b900000, 0x000000008b900000| Complete 
| 186|0x000000008ba00000, 0x000000008bb00000, 0x000000008bb00000|100%| S|CS|TAMS 0x000000008ba00000, 0x000000008ba00000| Complete 
| 187|0x000000008bb00000, 0x000000008bc00000, 0x000000008bc00000|100%| S|CS|TAMS 0x000000008bb00000, 0x000000008bb00000| Complete 
| 188|0x000000008bc00000, 0x000000008bd00000, 0x000000008bd00000|100%| S|CS|TAMS 0x000000008bc00000, 0x000000008bc00000| Complete 
| 189|0x000000008bd00000, 0x000000008be00000, 0x000000008be00000|100%| S|CS|TAMS 0x000000008bd00000, 0x000000008bd00000| Complete 
| 190|0x000000008be00000, 0x000000008bf00000, 0x000000008bf00000|100%| S|CS|TAMS 0x000000008be00000, 0x000000008be00000| Complete 
| 191|0x000000008bf00000, 0x000000008bf00000, 0x000000008c000000|  0%| F|  |TAMS 0x000000008bf00000, 0x000000008bf00000| Untracked 
| 192|0x000000008c000000, 0x000000008c000000, 0x000000008c100000|  0%| F|  |TAMS 0x000000008c000000, 0x000000008c000000| Untracked 
| 193|0x000000008c100000, 0x000000008c100000, 0x000000008c200000|  0%| F|  |TAMS 0x000000008c100000, 0x000000008c100000| Untracked 
| 194|0x000000008c200000, 0x000000008c200000, 0x000000008c300000|  0%| F|  |TAMS 0x000000008c200000, 0x000000008c200000| Untracked 
| 195|0x000000008c300000, 0x000000008c300000, 0x000000008c400000|  0%| F|  |TAMS 0x000000008c300000, 0x000000008c300000| Untracked 
| 196|0x000000008c400000, 0x000000008c400000, 0x000000008c500000|  0%| F|  |TAMS 0x000000008c400000, 0x000000008c400000| Untracked 
| 197|0x000000008c500000, 0x000000008c500000, 0x000000008c600000|  0%| F|  |TAMS 0x000000008c500000, 0x000000008c500000| Untracked 
| 198|0x000000008c600000, 0x000000008c600000, 0x000000008c700000|  0%| F|  |TAMS 0x000000008c600000, 0x000000008c600000| Untracked 
| 199|0x000000008c700000, 0x000000008c700000, 0x000000008c800000|  0%| F|  |TAMS 0x000000008c700000, 0x000000008c700000| Untracked 
| 200|0x000000008c800000, 0x000000008c800000, 0x000000008c900000|  0%| F|  |TAMS 0x000000008c800000, 0x000000008c800000| Untracked 
| 201|0x000000008c900000, 0x000000008c900000, 0x000000008ca00000|  0%| F|  |TAMS 0x000000008c900000, 0x000000008c900000| Untracked 
| 202|0x000000008ca00000, 0x000000008ca00000, 0x000000008cb00000|  0%| F|  |TAMS 0x000000008ca00000, 0x000000008ca00000| Untracked 
| 203|0x000000008cb00000, 0x000000008cb00000, 0x000000008cc00000|  0%| F|  |TAMS 0x000000008cb00000, 0x000000008cb00000| Untracked 
| 204|0x000000008cc00000, 0x000000008cc00000, 0x000000008cd00000|  0%| F|  |TAMS 0x000000008cc00000, 0x000000008cc00000| Untracked 
| 205|0x000000008cd00000, 0x000000008cd00000, 0x000000008ce00000|  0%| F|  |TAMS 0x000000008cd00000, 0x000000008cd00000| Untracked 
| 206|0x000000008ce00000, 0x000000008ce00000, 0x000000008cf00000|  0%| F|  |TAMS 0x000000008ce00000, 0x000000008ce00000| Untracked 
| 207|0x000000008cf00000, 0x000000008cf00000, 0x000000008d000000|  0%| F|  |TAMS 0x000000008cf00000, 0x000000008cf00000| Untracked 
| 208|0x000000008d000000, 0x000000008d000000, 0x000000008d100000|  0%| F|  |TAMS 0x000000008d000000, 0x000000008d000000| Untracked 
| 209|0x000000008d100000, 0x000000008d100000, 0x000000008d200000|  0%| F|  |TAMS 0x000000008d100000, 0x000000008d100000| Untracked 
| 210|0x000000008d200000, 0x000000008d200000, 0x000000008d300000|  0%| F|  |TAMS 0x000000008d200000, 0x000000008d200000| Untracked 
| 211|0x000000008d300000, 0x000000008d300000, 0x000000008d400000|  0%| F|  |TAMS 0x000000008d300000, 0x000000008d300000| Untracked 
| 212|0x000000008d400000, 0x000000008d400000, 0x000000008d500000|  0%| F|  |TAMS 0x000000008d400000, 0x000000008d400000| Untracked 
| 213|0x000000008d500000, 0x000000008d500000, 0x000000008d600000|  0%| F|  |TAMS 0x000000008d500000, 0x000000008d500000| Untracked 
| 214|0x000000008d600000, 0x000000008d600000, 0x000000008d700000|  0%| F|  |TAMS 0x000000008d600000, 0x000000008d600000| Untracked 
| 215|0x000000008d700000, 0x000000008d700000, 0x000000008d800000|  0%| F|  |TAMS 0x000000008d700000, 0x000000008d700000| Untracked 
| 216|0x000000008d800000, 0x000000008d800000, 0x000000008d900000|  0%| F|  |TAMS 0x000000008d800000, 0x000000008d800000| Untracked 
| 217|0x000000008d900000, 0x000000008d900000, 0x000000008da00000|  0%| F|  |TAMS 0x000000008d900000, 0x000000008d900000| Untracked 
| 218|0x000000008da00000, 0x000000008da00000, 0x000000008db00000|  0%| F|  |TAMS 0x000000008da00000, 0x000000008da00000| Untracked 
| 219|0x000000008db00000, 0x000000008db00000, 0x000000008dc00000|  0%| F|  |TAMS 0x000000008db00000, 0x000000008db00000| Untracked 
| 220|0x000000008dc00000, 0x000000008dc00000, 0x000000008dd00000|  0%| F|  |TAMS 0x000000008dc00000, 0x000000008dc00000| Untracked 
| 221|0x000000008dd00000, 0x000000008ddf4290, 0x000000008de00000| 95%| E|  |TAMS 0x000000008dd00000, 0x000000008dd00000| Complete 
| 222|0x000000008de00000, 0x000000008df00000, 0x000000008df00000|100%| E|CS|TAMS 0x000000008de00000, 0x000000008de00000| Complete 
| 223|0x000000008df00000, 0x000000008e000000, 0x000000008e000000|100%| E|CS|TAMS 0x000000008df00000, 0x000000008df00000| Complete 
| 224|0x000000008e000000, 0x000000008e100000, 0x000000008e100000|100%| E|CS|TAMS 0x000000008e000000, 0x000000008e000000| Complete 
| 225|0x000000008e100000, 0x000000008e200000, 0x000000008e200000|100%| E|CS|TAMS 0x000000008e100000, 0x000000008e100000| Complete 
| 226|0x000000008e200000, 0x000000008e300000, 0x000000008e300000|100%| E|CS|TAMS 0x000000008e200000, 0x000000008e200000| Complete 
| 227|0x000000008e300000, 0x000000008e400000, 0x000000008e400000|100%| E|CS|TAMS 0x000000008e300000, 0x000000008e300000| Complete 
| 228|0x000000008e400000, 0x000000008e500000, 0x000000008e500000|100%| E|CS|TAMS 0x000000008e400000, 0x000000008e400000| Complete 
| 229|0x000000008e500000, 0x000000008e600000, 0x000000008e600000|100%| E|CS|TAMS 0x000000008e500000, 0x000000008e500000| Complete 
| 230|0x000000008e600000, 0x000000008e700000, 0x000000008e700000|100%| E|CS|TAMS 0x000000008e600000, 0x000000008e600000| Complete 
| 231|0x000000008e700000, 0x000000008e800000, 0x000000008e800000|100%| E|CS|TAMS 0x000000008e700000, 0x000000008e700000| Complete 
| 232|0x000000008e800000, 0x000000008e900000, 0x000000008e900000|100%| E|CS|TAMS 0x000000008e800000, 0x000000008e800000| Complete 
| 233|0x000000008e900000, 0x000000008ea00000, 0x000000008ea00000|100%| E|CS|TAMS 0x000000008e900000, 0x000000008e900000| Complete 
| 234|0x000000008ea00000, 0x000000008eb00000, 0x000000008eb00000|100%| E|CS|TAMS 0x000000008ea00000, 0x000000008ea00000| Complete 
| 235|0x000000008eb00000, 0x000000008ec00000, 0x000000008ec00000|100%| E|CS|TAMS 0x000000008eb00000, 0x000000008eb00000| Complete 
| 236|0x000000008ec00000, 0x000000008ed00000, 0x000000008ed00000|100%| E|CS|TAMS 0x000000008ec00000, 0x000000008ec00000| Complete 
| 237|0x000000008ed00000, 0x000000008ee00000, 0x000000008ee00000|100%| E|CS|TAMS 0x000000008ed00000, 0x000000008ed00000| Complete 
| 238|0x000000008ee00000, 0x000000008ef00000, 0x000000008ef00000|100%| E|CS|TAMS 0x000000008ee00000, 0x000000008ee00000| Complete 
| 239|0x000000008ef00000, 0x000000008f000000, 0x000000008f000000|100%| E|CS|TAMS 0x000000008ef00000, 0x000000008ef00000| Complete 
| 240|0x000000008f000000, 0x000000008f100000, 0x000000008f100000|100%| E|CS|TAMS 0x000000008f000000, 0x000000008f000000| Complete 
| 241|0x000000008f100000, 0x000000008f200000, 0x000000008f200000|100%| E|CS|TAMS 0x000000008f100000, 0x000000008f100000| Complete 
| 242|0x000000008f200000, 0x000000008f300000, 0x000000008f300000|100%| E|CS|TAMS 0x000000008f200000, 0x000000008f200000| Complete 
| 243|0x000000008f300000, 0x000000008f400000, 0x000000008f400000|100%| E|CS|TAMS 0x000000008f300000, 0x000000008f300000| Complete 
| 244|0x000000008f400000, 0x000000008f500000, 0x000000008f500000|100%| E|CS|TAMS 0x000000008f400000, 0x000000008f400000| Complete 
| 245|0x000000008f500000, 0x000000008f600000, 0x000000008f600000|100%| E|CS|TAMS 0x000000008f500000, 0x000000008f500000| Complete 
| 246|0x000000008f600000, 0x000000008f700000, 0x000000008f700000|100%| E|CS|TAMS 0x000000008f600000, 0x000000008f600000| Complete 
| 247|0x000000008f700000, 0x000000008f800000, 0x000000008f800000|100%| E|CS|TAMS 0x000000008f700000, 0x000000008f700000| Complete 
| 248|0x000000008f800000, 0x000000008f900000, 0x000000008f900000|100%| E|CS|TAMS 0x000000008f800000, 0x000000008f800000| Complete 
| 249|0x000000008f900000, 0x000000008fa00000, 0x000000008fa00000|100%| E|  |TAMS 0x000000008f900000, 0x000000008f900000| Complete 
| 250|0x000000008fa00000, 0x000000008fb00000, 0x000000008fb00000|100%| E|CS|TAMS 0x000000008fa00000, 0x000000008fa00000| Complete 
| 251|0x000000008fb00000, 0x000000008fc00000, 0x000000008fc00000|100%| E|CS|TAMS 0x000000008fb00000, 0x000000008fb00000| Complete 
| 252|0x000000008fc00000, 0x000000008fd00000, 0x000000008fd00000|100%| E|CS|TAMS 0x000000008fc00000, 0x000000008fc00000| Complete 
| 253|0x000000008fd00000, 0x000000008fe00000, 0x000000008fe00000|100%| E|CS|TAMS 0x000000008fd00000, 0x000000008fd00000| Complete 

Card table byte_map: [0x00000240bb900000,0x00000240bbd00000] _byte_map_base: 0x00000240bb500000

Marking Bits (Prev, Next): (CMBitMap*) 0x00000240a60953c8, (CMBitMap*) 0x00000240a6095400
 Prev Bits: [0x00000240bc100000, 0x00000240be100000)
 Next Bits: [0x00000240be100000, 0x00000240c0100000)

Polling page: 0x00000240a5d40000

Metaspace:

Usage:
  Non-class:     32.48 MB capacity,    32.01 MB ( 99%) used,   397.50 KB (  1%) free+waste,    85.38 KB ( <1%) overhead. 
      Class:      5.07 MB capacity,     4.74 MB ( 93%) used,   296.89 KB (  6%) free+waste,    41.25 KB ( <1%) overhead. 
       Both:     37.55 MB capacity,    36.75 MB ( 98%) used,   694.39 KB (  2%) free+waste,   126.63 KB ( <1%) overhead. 

Virtual space:
  Non-class space:       34.00 MB reserved,      32.62 MB ( 96%) committed 
      Class space:        1.00 GB reserved,       5.13 MB ( <1%) committed 
             Both:        1.03 GB reserved,      37.75 MB (  4%) committed 

Chunk freelists:
   Non-Class:  14.00 KB
       Class:  25.00 KB
        Both:  39.00 KB

MaxMetaspaceSize: 17179869184.00 GB
CompressedClassSpaceSize: 1.00 GB

CodeHeap 'non-profiled nmethods': size=119168Kb used=1758Kb max_used=1758Kb free=117410Kb
 bounds [0x00000240b2eb0000, 0x00000240b3120000, 0x00000240ba310000]
CodeHeap 'profiled nmethods': size=119168Kb used=7657Kb max_used=7657Kb free=111510Kb
 bounds [0x00000240aba50000, 0x00000240ac1d0000, 0x00000240b2eb0000]
CodeHeap 'non-nmethods': size=7424Kb used=3202Kb max_used=3254Kb free=4222Kb
 bounds [0x00000240ab310000, 0x00000240ab650000, 0x00000240aba50000]
 total_blobs=4205 nmethods=3582 adapters=531
 compilation: enabled
              stopped_count=0, restarted_count=0
 full_count=0

Compilation events (20 events):
Event: 3.055 Thread 0x00000240c7486800 nmethod 3505 0x00000240b3058510 code [0x00000240b30586c0, 0x00000240b3058a78]
Event: 3.055 Thread 0x00000240c7486800 3532       4       java.util.stream.ReferencePipeline$2$1::accept (27 bytes)
Event: 3.055 Thread 0x00000240c3d16000 nmethod 3512 0x00000240b3058c90 code [0x00000240b3058e80, 0x00000240b3059c58]
Event: 3.055 Thread 0x00000240c7486800 nmethod 3532 0x00000240b305a690 code [0x00000240b305a820, 0x00000240b305a8d8]
Event: 3.055 Thread 0x00000240c3d16000 3498       4       java.util.Spliterators$1Adapter::accept (11 bytes)
Event: 3.055 Thread 0x00000240c7486800 3508       4       java.util.ArrayList::<init> (61 bytes)
Event: 3.056 Thread 0x00000240c3d16000 nmethod 3498 0x00000240b305aa10 code [0x00000240b305aba0, 0x00000240b305acd8]
Event: 3.056 Thread 0x00000240c3d16000 3509       4       java.lang.String::indexOf (65 bytes)
Event: 3.056 Thread 0x00000240c3d16000 nmethod 3509 0x00000240b305ad90 code [0x00000240b305af20, 0x00000240b305b138]
Event: 3.056 Thread 0x00000240c3d16000 3546       4       java.net.URLClassLoader$1::run (5 bytes)
Event: 3.057 Thread 0x00000240c7486800 nmethod 3508 0x00000240b305b210 code [0x00000240b305b3c0, 0x00000240b305b6b8]
Event: 3.057 Thread 0x00000240c7486800 3547   !   4       java.net.URLClassLoader$1::run (63 bytes)
Event: 3.065 Thread 0x00000240c3e33800 3548       3       java.io.WinNTFileSystem::resolve (275 bytes)
Event: 3.068 Thread 0x00000240c3e33800 nmethod 3548 0x00000240ac1bbd90 code [0x00000240ac1bc2c0, 0x00000240ac1bef78]
Event: 3.077 Thread 0x00000240c4686000 3550       1       java.util.Calendar::getZone (5 bytes)
Event: 3.077 Thread 0x00000240c4686000 nmethod 3550 0x00000240b305b790 code [0x00000240b305b940, 0x00000240b305b9f8]
Event: 3.082 Thread 0x00000240c45d6800 3551       3       java.lang.String::equalsIgnoreCase (45 bytes)
Event: 3.082 Thread 0x00000240c45d6800 nmethod 3551 0x00000240ac1c0190 code [0x00000240ac1c03a0, 0x00000240ac1c08e8]
Event: 3.083 Thread 0x00000240c3d22800 3552       3       java.lang.invoke.MethodHandles$Lookup::checkMethodName (43 bytes)
Event: 3.083 Thread 0x00000240c3d22800 nmethod 3552 0x00000240ac1c0b10 code [0x00000240ac1c0d80, 0x00000240ac1c16c8]

GC Heap History (8 events):
Event: 0.441 GC heap before
{Heap before GC invocations=0 (full 0):
 garbage-first heap   total 260096K, used 29696K [0x0000000080000000, 0x0000000100000000)
  region size 1024K, 24 young (24576K), 0 survivors (0K)
 Metaspace       used 9737K, capacity 9960K, committed 10112K, reserved 1058816K
  class space    used 1002K, capacity 1069K, committed 1152K, reserved 1048576K
}
Event: 0.443 GC heap after
{Heap after GC invocations=1 (full 0):
 garbage-first heap   total 260096K, used 9160K [0x0000000080000000, 0x0000000100000000)
  region size 1024K, 3 young (3072K), 3 survivors (3072K)
 Metaspace       used 9737K, capacity 9960K, committed 10112K, reserved 1058816K
  class space    used 1002K, capacity 1069K, committed 1152K, reserved 1048576K
}
Event: 1.800 GC heap before
{Heap before GC invocations=1 (full 0):
 garbage-first heap   total 260096K, used 113608K [0x0000000080000000, 0x0000000100000000)
  region size 1024K, 105 young (107520K), 3 survivors (3072K)
 Metaspace       used 20741K, capacity 21167K, committed 21296K, reserved 1069056K
  class space    used 2527K, capacity 2657K, committed 2688K, reserved 1048576K
}
Event: 1.806 GC heap after
{Heap after GC invocations=2 (full 0):
 garbage-first heap   total 260096K, used 16663K [0x0000000080000000, 0x0000000100000000)
  region size 1024K, 11 young (11264K), 11 survivors (11264K)
 Metaspace       used 20741K, capacity 21167K, committed 21296K, reserved 1069056K
  class space    used 2527K, capacity 2657K, committed 2688K, reserved 1048576K
}
Event: 2.290 GC heap before
{Heap before GC invocations=3 (full 0):
 garbage-first heap   total 260096K, used 68887K [0x0000000080000000, 0x0000000100000000)
  region size 1024K, 63 young (64512K), 11 survivors (11264K)
 Metaspace       used 26184K, capacity 26766K, committed 26928K, reserved 1073152K
  class space    used 3406K, capacity 3615K, committed 3712K, reserved 1048576K
}
Event: 2.295 GC heap after
{Heap after GC invocations=4 (full 0):
 garbage-first heap   total 260096K, used 19145K [0x0000000080000000, 0x0000000100000000)
  region size 1024K, 3 young (3072K), 3 survivors (3072K)
 Metaspace       used 26184K, capacity 26766K, committed 26928K, reserved 1073152K
  class space    used 3406K, capacity 3615K, committed 3712K, reserved 1048576K
}
Event: 2.873 GC heap before
{Heap before GC invocations=4 (full 0):
 garbage-first heap   total 260096K, used 79561K [0x0000000080000000, 0x0000000100000000)
  region size 1024K, 63 young (64512K), 3 survivors (3072K)
 Metaspace       used 34858K, capacity 35611K, committed 35708K, reserved 1081344K
  class space    used 4516K, capacity 4824K, committed 4864K, reserved 1048576K
}
Event: 2.879 GC heap after
{Heap after GC invocations=5 (full 0):
 garbage-first heap   total 260096K, used 22579K [0x0000000080000000, 0x0000000100000000)
  region size 1024K, 6 young (6144K), 6 survivors (6144K)
 Metaspace       used 34858K, capacity 35611K, committed 35708K, reserved 1081344K
  class space    used 4516K, capacity 4824K, committed 4864K, reserved 1048576K
}

Deoptimization events (20 events):
Event: 3.028 Thread 0x00000240c5d75800 Uncommon trap: trap_request=0xffffffbe fr.pc=0x00000240b305099c relative=0x000000000000099c
Event: 3.028 Thread 0x00000240c5d75800 Uncommon trap: reason=profile_predicate action=maybe_recompile pc=0x00000240b305099c method=jdk.internal.jimage.ImageStringsReader.charsFromByteBuffer([CLjava/nio/ByteBuffer;)V @ 6 c2
Event: 3.028 Thread 0x00000240c5d75800 DEOPT PACKING pc=0x00000240b305099c sp=0x000000f72a2f8d60
Event: 3.028 Thread 0x00000240c5d75800 DEOPT UNPACKING pc=0x00000240ab33662f sp=0x000000f72a2f8b68 mode 2
Event: 3.028 Thread 0x00000240c5d75800 Uncommon trap: trap_request=0xffffffbe fr.pc=0x00000240b305099c relative=0x000000000000099c
Event: 3.028 Thread 0x00000240c5d75800 Uncommon trap: reason=profile_predicate action=maybe_recompile pc=0x00000240b305099c method=jdk.internal.jimage.ImageStringsReader.charsFromByteBuffer([CLjava/nio/ByteBuffer;)V @ 6 c2
Event: 3.028 Thread 0x00000240c5d75800 DEOPT PACKING pc=0x00000240b305099c sp=0x000000f72a2f8d60
Event: 3.028 Thread 0x00000240c5d75800 DEOPT UNPACKING pc=0x00000240ab33662f sp=0x000000f72a2f8b68 mode 2
Event: 3.028 Thread 0x00000240c5d75800 Uncommon trap: trap_request=0xffffffbe fr.pc=0x00000240b305099c relative=0x000000000000099c
Event: 3.028 Thread 0x00000240c5d75800 Uncommon trap: reason=profile_predicate action=maybe_recompile pc=0x00000240b305099c method=jdk.internal.jimage.ImageStringsReader.charsFromByteBuffer([CLjava/nio/ByteBuffer;)V @ 6 c2
Event: 3.028 Thread 0x00000240c5d75800 DEOPT PACKING pc=0x00000240b305099c sp=0x000000f72a2f8d60
Event: 3.028 Thread 0x00000240c5d75800 DEOPT UNPACKING pc=0x00000240ab33662f sp=0x000000f72a2f8b68 mode 2
Event: 3.034 Thread 0x00000240c5d75800 Uncommon trap: trap_request=0xffffffbe fr.pc=0x00000240b3052a24 relative=0x0000000000000944
Event: 3.034 Thread 0x00000240c5d75800 Uncommon trap: reason=profile_predicate action=maybe_recompile pc=0x00000240b3052a24 method=jdk.internal.jimage.ImageStringsReader.charsFromByteBuffer([CLjava/nio/ByteBuffer;)V @ 6 c2
Event: 3.034 Thread 0x00000240c5d75800 DEOPT PACKING pc=0x00000240b3052a24 sp=0x000000f72a2f8f30
Event: 3.034 Thread 0x00000240c5d75800 DEOPT UNPACKING pc=0x00000240ab33662f sp=0x000000f72a2f8e08 mode 2
Event: 3.041 Thread 0x00000240c5d75800 DEOPT PACKING pc=0x00000240abfa6255 sp=0x000000f72a2f96e0
Event: 3.041 Thread 0x00000240c5d75800 DEOPT UNPACKING pc=0x00000240ab336dde sp=0x000000f72a2f8c18 mode 0
Event: 3.074 Thread 0x00000240c5d75800 DEOPT PACKING pc=0x00000240abeecb79 sp=0x000000f72a2f8bf0
Event: 3.074 Thread 0x00000240c5d75800 DEOPT UNPACKING pc=0x00000240ab336dde sp=0x000000f72a2f8138 mode 0

Classes redefined (0 events):
No events

Internal exceptions (20 events):
Event: 2.507 Thread 0x00000240c5d75800 Exception <a 'java/lang/IncompatibleClassChangeError'{0x000000008df417b8}: Found class java.lang.Object, but interface was expected> (0x000000008df417b8) thrown at [./src/hotspot/share/interpreter/linkResolver.cpp, line 839]
Event: 2.535 Thread 0x00000240c5d75800 Exception <a 'java/lang/NoSuchMethodError'{0x000000008dcfc0a8}: 'int java.lang.invoke.DirectMethodHandle$Holder.invokeVirtual(java.lang.Object, java.lang.Object)'> (0x000000008dcfc0a8) thrown at [./src/hotspot/share/interpreter/linkResolver.cpp, line 773]
Event: 2.715 Thread 0x00000240c5d75800 Exception <a 'java/lang/NoSuchMethodError'{0x000000008cb1a910}: 'void java.lang.invoke.DirectMethodHandle$Holder.invokeStaticInit(java.lang.Object, java.lang.Object, java.lang.Object)'> (0x000000008cb1a910) thrown at [./src/hotspot/share/interpreter/linkResolver.cpp, line 773]
Event: 2.715 Thread 0x00000240c5d75800 Exception <a 'java/lang/NoSuchMethodError'{0x000000008cb216e8}: 'void java.lang.invoke.DirectMethodHandle$Holder.invokeStaticInit(java.lang.Object, java.lang.Object, java.lang.Object, java.lang.Object)'> (0x000000008cb216e8) thrown at [./src/hotspot/share/interpreter/linkResolver.cpp, line 773]
Event: 2.717 Thread 0x00000240c5d75800 Exception <a 'java/lang/NoSuchMethodError'{0x000000008cb43d40}: 'void java.lang.invoke.DirectMethodHandle$Holder.invokeStaticInit(java.lang.Object, java.lang.Object, java.lang.Object, java.lang.Object, java.lang.Object)'> (0x000000008cb43d40) thrown at [./src/hotspot/share/interpreter/linkResolver.cpp, line 773]
Event: 2.734 Thread 0x00000240c5d75800 Exception <a 'java/lang/NoSuchMethodError'{0x000000008ca20be8}: 'int java.lang.invoke.DirectMethodHandle$Holder.invokeStaticInit(java.lang.Object, java.lang.Object, java.lang.Object, java.lang.Object)'> (0x000000008ca20be8) thrown at [./src/hotspot/share/interpreter/linkResolver.cpp, line 773]
Event: 2.869 Thread 0x00000240c5d75800 Exception <a 'java/lang/NoSuchMethodError'{0x000000008c0c3dd0}: 'java.lang.Object java.lang.invoke.DirectMethodHandle$Holder.invokeStatic(java.lang.Object, java.lang.Object, java.lang.Object, java.lang.Object, java.lang.Object, java.lang.Object, java.lang.Object, java.lang.Object, java.lang.Object, java.lang.Object, java.lang.Object, int)'> (0x000000008c0c3dd0) thrown at [./src/hotspot/share/interpreter/linkResolver.cpp, line 773]
Event: 2.870 Thread 0x00000240c5d75800 Exception <a 'java/lang/NoSuchMethodError'{0x000000008c0e2770}: 'java.lang.Object java.lang.invoke.DirectMethodHandle$Holder.invokeStatic(java.lang.Object, java.lang.Object, java.lang.Object, java.lang.Object, java.lang.Object, java.lang.Object, java.lang.Object, java.lang.Object, java.lang.Object, java.lang.Object, java.lang.Object, int, int)'> (0x000000008c0e2770) thrown at [./src/hotspot/share/interpreter/linkResolver.cpp, line 773]
Event: 2.871 Thread 0x00000240c5d75800 Exception <a 'java/lang/NoSuchMethodError'{0x000000008bf024c8}: 'java.lang.Object java.lang.invoke.DirectMethodHandle$Holder.invokeStatic(java.lang.Object, java.lang.Object, java.lang.Object, java.lang.Object, java.lang.Object, java.lang.Object, java.lang.Object, java.lang.Object, java.lang.Object, java.lang.Object, java.lang.Object, int, int, java.lang.Object)'> (0x000000008bf024c8) thrown at [./src/hotspot/share/interpreter/linkResolver.cpp, line 773]
Event: 2.872 Thread 0x00000240c5d75800 Exception <a 'java/lang/NoSuchMethodError'{0x000000008bf235c0}: 'java.lang.Object java.lang.invoke.DirectMethodHandle$Holder.invokeStatic(java.lang.Object, java.lang.Object, java.lang.Object, java.lang.Object, java.lang.Object, java.lang.Object, java.lang.Object, java.lang.Object, java.lang.Object, java.lang.Object, java.lang.Object, int, int, java.lang.Object, java.lang.Object)'> (0x000000008bf235c0) thrown at [./src/hotspot/share/interpreter/linkResolver.cpp, line 773]
Event: 2.882 Thread 0x00000240c5d75800 Exception <a 'java/lang/ClassNotFoundException'{0x000000008fd397e0}: groovy/lang/ExpandoMetaClassBeanInfo> (0x000000008fd397e0) thrown at [./src/hotspot/share/classfile/systemDictionary.cpp, line 231]
Event: 2.882 Thread 0x00000240c5d75800 Exception <a 'java/lang/ClassNotFoundException'{0x000000008fd58bf0}: groovy/lang/MetaClassImplBeanInfo> (0x000000008fd58bf0) thrown at [./src/hotspot/share/classfile/systemDictionary.cpp, line 231]
Event: 2.883 Thread 0x00000240c5d75800 Exception <a 'java/lang/ClassNotFoundException'{0x000000008fd61c00}: java/lang/ObjectBeanInfo> (0x000000008fd61c00) thrown at [./src/hotspot/share/classfile/systemDictionary.cpp, line 231]
Event: 2.883 Thread 0x00000240c5d75800 Exception <a 'java/lang/ClassNotFoundException'{0x000000008fd6cda8}: java/lang/ObjectCustomizer> (0x000000008fd6cda8) thrown at [./src/hotspot/share/classfile/systemDictionary.cpp, line 231]
Event: 2.892 Thread 0x00000240c5d75800 Exception <a 'java/lang/ClassNotFoundException'{0x000000008fd92f88}: groovy/lang/MetaClassImplCustomizer> (0x000000008fd92f88) thrown at [./src/hotspot/share/classfile/systemDictionary.cpp, line 231]
Event: 2.894 Thread 0x00000240c5d75800 Exception <a 'java/lang/ClassNotFoundException'{0x000000008fdd1fe8}: groovy/lang/ExpandoMetaClassCustomizer> (0x000000008fdd1fe8) thrown at [./src/hotspot/share/classfile/systemDictionary.cpp, line 231]
Event: 3.043 Thread 0x00000240c5d75800 Exception <a 'java/lang/ClassNotFoundException'{0x000000008e33aa48}: org/gradle/internal/extensibility/DefaultExtraPropertiesExtensionBeanInfo> (0x000000008e33aa48) thrown at [./src/hotspot/share/classfile/systemDictionary.cpp, line 231]
Event: 3.044 Thread 0x00000240c5d75800 Exception <a 'java/lang/ClassNotFoundException'{0x000000008e35b0a8}: groovy/lang/GroovyObjectSupportBeanInfo> (0x000000008e35b0a8) thrown at [./src/hotspot/share/classfile/systemDictionary.cpp, line 231]
Event: 3.044 Thread 0x00000240c5d75800 Exception <a 'java/lang/ClassNotFoundException'{0x000000008e37b750}: groovy/lang/GroovyObjectSupportCustomizer> (0x000000008e37b750) thrown at [./src/hotspot/share/classfile/systemDictionary.cpp, line 231]
Event: 3.046 Thread 0x00000240c5d75800 Exception <a 'java/lang/ClassNotFoundException'{0x000000008e3f9fa8}: org/gradle/internal/extensibility/DefaultExtraPropertiesExtensionCustomizer> (0x000000008e3f9fa8) thrown at [./src/hotspot/share/classfile/systemDictionary.cpp, line 231]

Events (20 events):
Event: 3.080 Executing VM operation: Deoptimize
Event: 3.081 Executing VM operation: Deoptimize done
Event: 3.081 loading class sun/nio/fs/WindowsFileKey
Event: 3.081 loading class sun/nio/fs/WindowsFileKey done
Event: 3.082 loading class org/gradle/internal/snapshot/MerkleDirectorySnapshotBuilder$EmptyDirectoryHandlingStrategy
Event: 3.082 loading class org/gradle/internal/snapshot/MerkleDirectorySnapshotBuilder$EmptyDirectoryHandlingStrategy done
Event: 3.082 loading class org/gradle/internal/snapshot/MerkleDirectorySnapshotBuilder$Directory
Event: 3.082 loading class org/gradle/internal/snapshot/MerkleDirectorySnapshotBuilder$Directory done
Event: 3.083 loading class org/gradle/cache/internal/CrossProcessSynchronizingCache
Event: 3.083 loading class org/gradle/cache/internal/CrossProcessSynchronizingCache done
Event: 3.083 loading class org/gradle/cache/internal/InMemoryDecoratedCache
Event: 3.083 loading class org/gradle/cache/internal/InMemoryDecoratedCache done
Event: 3.083 loading class org/gradle/cache/internal/AsyncCacheAccessDecoratedCache
Event: 3.083 loading class org/gradle/cache/internal/AsyncCacheAccessDecoratedCache done
Event: 3.083 loading class org/gradle/cache/internal/CacheAccessWorker$1
Event: 3.083 loading class org/gradle/cache/internal/CacheAccessWorker$1 done
Event: 3.083 loading class org/gradle/cache/internal/CacheAccessWorker$ShutdownOperationsCommand
Event: 3.083 loading class org/gradle/cache/internal/CacheAccessWorker$ShutdownOperationsCommand done
Event: 3.084 loading class org/gradle/cache/internal/CacheAccessWorker$FlushOperationsCommand
Event: 3.084 loading class org/gradle/cache/internal/CacheAccessWorker$FlushOperationsCommand done


Dynamic libraries:
0x00007ff6dd140000 - 0x00007ff6dd14a000 	C:\Program Files\Android\Android Studio\jre\bin\java.exe
0x00007ff921460000 - 0x00007ff921669000 	C:\WINDOWS\SYSTEM32\ntdll.dll
0x00007ff91ff40000 - 0x00007ff91fffd000 	C:\WINDOWS\System32\KERNEL32.DLL
0x00007ff91eaf0000 - 0x00007ff91ee64000 	C:\WINDOWS\System32\KERNELBASE.dll
0x00007ff91ef10000 - 0x00007ff91f021000 	C:\WINDOWS\System32\ucrtbase.dll
0x00007ff91b060000 - 0x00007ff91b079000 	C:\Program Files\Android\Android Studio\jre\bin\jli.dll
0x00007ff9191f0000 - 0x00007ff919207000 	C:\Program Files\Android\Android Studio\jre\bin\VCRUNTIME140.dll
0x00007ff91f8f0000 - 0x00007ff91fa9c000 	C:\WINDOWS\System32\USER32.dll
0x00007ff8fec60000 - 0x00007ff8fef05000 	C:\WINDOWS\WinSxS\amd64_microsoft.windows.common-controls_6595b64144ccf1df_6.0.22000.120_none_9d947278b86cc467\COMCTL32.dll
0x00007ff91f160000 - 0x00007ff91f186000 	C:\WINDOWS\System32\win32u.dll
0x00007ff920560000 - 0x00007ff920603000 	C:\WINDOWS\System32\msvcrt.dll
0x00007ff91fe70000 - 0x00007ff91fe99000 	C:\WINDOWS\System32\GDI32.dll
0x00007ff91e9d0000 - 0x00007ff91eae2000 	C:\WINDOWS\System32\gdi32full.dll
0x00007ff91ee70000 - 0x00007ff91ef0d000 	C:\WINDOWS\System32\msvcp_win.dll
0x00007ff91faa0000 - 0x00007ff91fad1000 	C:\WINDOWS\System32\IMM32.DLL
0x00007ff904b10000 - 0x00007ff904bad000 	C:\Program Files\Android\Android Studio\jre\bin\msvcp140.dll
0x00007ff8b9e30000 - 0x00007ff8ba905000 	C:\Program Files\Android\Android Studio\jre\bin\server\jvm.dll
0x00007ff9212e0000 - 0x00007ff92138e000 	C:\WINDOWS\System32\ADVAPI32.dll
0x00007ff91fea0000 - 0x00007ff91ff3e000 	C:\WINDOWS\System32\sechost.dll
0x00007ff91f7d0000 - 0x00007ff91f8f0000 	C:\WINDOWS\System32\RPCRT4.dll
0x00007ff9212d0000 - 0x00007ff9212d8000 	C:\WINDOWS\System32\PSAPI.DLL
0x00007ff91be10000 - 0x00007ff91be19000 	C:\WINDOWS\SYSTEM32\WSOCK32.dll
0x00007ff913540000 - 0x00007ff913573000 	C:\WINDOWS\SYSTEM32\WINMM.dll
0x00007ff9184d0000 - 0x00007ff9184da000 	C:\WINDOWS\SYSTEM32\VERSION.dll
0x00007ff920610000 - 0x00007ff92067f000 	C:\WINDOWS\System32\WS2_32.dll
0x00007ff91db00000 - 0x00007ff91db18000 	C:\WINDOWS\SYSTEM32\kernel.appcore.dll
0x00007ff913220000 - 0x00007ff913231000 	C:\Program Files\Android\Android Studio\jre\bin\verify.dll
0x00007ff908370000 - 0x00007ff908591000 	C:\WINDOWS\SYSTEM32\DBGHELP.DLL
0x00007ff908080000 - 0x00007ff9080b1000 	C:\WINDOWS\SYSTEM32\dbgcore.DLL
0x00007ff91e950000 - 0x00007ff91e9cf000 	C:\WINDOWS\System32\bcryptPrimitives.dll
0x00007ff912970000 - 0x00007ff912999000 	C:\Program Files\Android\Android Studio\jre\bin\java.dll
0x00007ff9191e0000 - 0x00007ff9191eb000 	C:\Program Files\Android\Android Studio\jre\bin\jimage.dll
0x00007ff9109a0000 - 0x00007ff9109b8000 	C:\Program Files\Android\Android Studio\jre\bin\zip.dll
0x00007ff920b20000 - 0x00007ff9212cf000 	C:\WINDOWS\System32\SHELL32.dll
0x00007ff91ca90000 - 0x00007ff91d2f8000 	C:\WINDOWS\SYSTEM32\windows.storage.dll
0x00007ff9207a0000 - 0x00007ff920b18000 	C:\WINDOWS\System32\combase.dll
0x00007ff91c920000 - 0x00007ff91ca86000 	C:\WINDOWS\SYSTEM32\wintypes.dll
0x00007ff91fd80000 - 0x00007ff91fe6a000 	C:\WINDOWS\System32\SHCORE.dll
0x00007ff920450000 - 0x00007ff9204ad000 	C:\WINDOWS\System32\shlwapi.dll
0x00007ff91e880000 - 0x00007ff91e8a1000 	C:\WINDOWS\SYSTEM32\profapi.dll
0x00007ff910980000 - 0x00007ff91099a000 	C:\Program Files\Android\Android Studio\jre\bin\net.dll
0x00007ff919490000 - 0x00007ff91959c000 	C:\WINDOWS\SYSTEM32\WINHTTP.dll
0x00007ff91df20000 - 0x00007ff91df87000 	C:\WINDOWS\system32\mswsock.dll
0x00007ff9103c0000 - 0x00007ff9103d4000 	C:\Program Files\Android\Android Studio\jre\bin\nio.dll
0x00007ff919190000 - 0x00007ff9191b7000 	E:\Projects\Munjz\Android\cumunjzandroid\.gradle\7.2\native\e1d6ef7f7dcc3fd88c89a11ec53ec762bb8ba0a96d01ffa2cd45eb1d1d8dd5c5\windows-amd64\native-platform.dll
0x00007ff8d1580000 - 0x00007ff8d16c4000 	E:\Projects\Munjz\Android\cumunjzandroid\.gradle\7.2\native\5664cfc778a61ccfe75a443a1ab52a65af34e5dc3c78e0209fed803814484fcb\windows-amd64\native-platform-file-events.dll
0x00007ff913e70000 - 0x00007ff913e7a000 	C:\Program Files\Android\Android Studio\jre\bin\management.dll
0x00007ff913cb0000 - 0x00007ff913cbd000 	C:\Program Files\Android\Android Studio\jre\bin\management_ext.dll
0x00007ff91e1f0000 - 0x00007ff91e208000 	C:\WINDOWS\SYSTEM32\CRYPTSP.dll
0x00007ff91da60000 - 0x00007ff91da95000 	C:\WINDOWS\system32\rsaenh.dll
0x00007ff91dfc0000 - 0x00007ff91dfe9000 	C:\WINDOWS\SYSTEM32\USERENV.dll
0x00007ff91e330000 - 0x00007ff91e357000 	C:\WINDOWS\SYSTEM32\bcrypt.dll
0x00007ff91e110000 - 0x00007ff91e11c000 	C:\WINDOWS\SYSTEM32\CRYPTBASE.dll
0x00007ff91d630000 - 0x00007ff91d65d000 	C:\WINDOWS\SYSTEM32\IPHLPAPI.DLL
0x00007ff9200f0000 - 0x00007ff9200f9000 	C:\WINDOWS\System32\NSI.dll
0x00007ff919470000 - 0x00007ff919489000 	C:\WINDOWS\SYSTEM32\dhcpcsvc6.DLL
0x00007ff9196f0000 - 0x00007ff91970e000 	C:\WINDOWS\SYSTEM32\dhcpcsvc.DLL
0x00007ff91d660000 - 0x00007ff91d748000 	C:\WINDOWS\SYSTEM32\DNSAPI.dll

dbghelp: loaded successfully - version: 4.0.5 - missing functions: none
symbol engine: initialized successfully - sym options: 0x614 - pdb path: .;C:\Program Files\Android\Android Studio\jre\bin;C:\WINDOWS\SYSTEM32;C:\WINDOWS\WinSxS\amd64_microsoft.windows.common-controls_6595b64144ccf1df_6.0.22000.120_none_9d947278b86cc467;C:\Program Files\Android\Android Studio\jre\bin\server;E:\Projects\Munjz\Android\cumunjzandroid\.gradle\7.2\native\e1d6ef7f7dcc3fd88c89a11ec53ec762bb8ba0a96d01ffa2cd45eb1d1d8dd5c5\windows-amd64;E:\Projects\Munjz\Android\cumunjzandroid\.gradle\7.2\native\5664cfc778a61ccfe75a443a1ab52a65af34e5dc3c78e0209fed803814484fcb\windows-amd64

VM Arguments:
jvm_args: --add-opens=java.base/java.util=ALL-UNNAMED --add-opens=java.base/java.lang=ALL-UNNAMED --add-opens=java.base/java.lang.invoke=ALL-UNNAMED --add-opens=java.base/java.util=ALL-UNNAMED --add-opens=java.prefs/java.util.prefs=ALL-UNNAMED --add-opens=java.prefs/java.util.prefs=ALL-UNNAMED --add-opens=java.base/java.nio.charset=ALL-UNNAMED --add-opens=java.base/java.net=ALL-UNNAMED --add-opens=java.base/java.util.concurrent.atomic=ALL-UNNAMED -Xmx2048m -Dfile.encoding=UTF-8 -Duser.country=US -Duser.language=en -Duser.variant 
java_command: org.gradle.launcher.daemon.bootstrap.GradleDaemon 7.2
java_class_path (initial): E:\Projects\Munjz\Android\cumunjzandroid\.gradle\7.2\wrapper\dists\gradle-7.2-bin\2dnblmf4td7x66yl1d74lt32g\gradle-7.2\lib\gradle-launcher-7.2.jar
Launcher Type: SUN_STANDARD

[Global flags]
     intx CICompilerCount                          = 12                                        {product} {ergonomic}
     uint ConcGCThreads                            = 4                                         {product} {ergonomic}
     uint G1ConcRefinementThreads                  = 15                                        {product} {ergonomic}
   size_t G1HeapRegionSize                         = 1048576                                   {product} {ergonomic}
    uintx GCDrainStackTargetSize                   = 64                                        {product} {ergonomic}
   size_t InitialHeapSize                          = 266338304                                 {product} {ergonomic}
   size_t MarkStackSize                            = 4194304                                   {product} {ergonomic}
   size_t MaxHeapSize                              = 2147483648                                {product} {command line}
   size_t MaxNewSize                               = 1287651328                                {product} {ergonomic}
   size_t MinHeapDeltaBytes                        = 1048576                                   {product} {ergonomic}
    uintx NonNMethodCodeHeapSize                   = 7594288                                {pd product} {ergonomic}
    uintx NonProfiledCodeHeapSize                  = 122031976                              {pd product} {ergonomic}
    uintx ProfiledCodeHeapSize                     = 122031976                              {pd product} {ergonomic}
    uintx ReservedCodeCacheSize                    = 251658240                              {pd product} {ergonomic}
     bool SegmentedCodeCache                       = true                                      {product} {ergonomic}
     bool UseCompressedClassPointers               = true                                 {lp64_product} {ergonomic}
     bool UseCompressedOops                        = true                                 {lp64_product} {ergonomic}
     bool UseG1GC                                  = true                                      {product} {ergonomic}
     bool UseLargePagesIndividualAllocation        = false                                  {pd product} {ergonomic}

Logging:
Log output configuration:
 #0: stdout all=warning uptime,level,tags
 #1: stderr all=off uptime,level,tags

Environment Variables:
PATH=C:\Python310\Scripts\;C:\Python310\;C:\Program Files\Common Files\Oracle\Java\javapath;C:\Windows\system32;C:\Windows;C:\Windows\System32\Wbem;C:\Windows\System32\WindowsPowerShell\v1.0\;C:\Windows\System32\OpenSSH\;C:\xampp\php;C:\ProgramData\ComposerSetup\bin;C:\Program Files\NVIDIA Corporation\NVIDIA NvDLISR;C:\Program Files\Git\cmd;C:\apache-maven-3.6.3\bin;C:\Program Files (x86)\NVIDIA Corporation\PhysX\Common;C:\xampp\mysql\bin;E:\Android Studio\apktool\munjz;C:\Program Files (x86)\HP\IdrsOCR_15.2.10.1114\;C:\WINDOWS\system32;C:\WINDOWS;C:\WINDOWS\System32\Wbem;C:\WINDOWS\System32\WindowsPowerShell\v1.0\;C:\WINDOWS\System32\OpenSSH\;C:\Program Files\nodejs\;C:\ProgramData\chocolatey\bin;C:\Users\ALOMA\AppData\Local\Microsoft\WindowsApps;C:\Program Files\JetBrains\PhpStorm 2021.1.2\bin;;C:\Users\ALOMA\AppData\Roaming\Composer\vendor\bin;C:\Users\ALOMA\AppData\Local\GitHubDesktop\bin;C:\Users\ALOMA\AppData\Local\Programs\Microsoft VS Code\bin;C:\Users\ALOMA\AppData\Roaming\npm
USERNAME=ALOMA
OS=Windows_NT
PROCESSOR_IDENTIFIER=Intel64 Family 6 Model 165 Stepping 5, GenuineIntel



---------------  S Y S T E M  ---------------

OS: Windows 10 , 64 bit Build 22000 (10.0.22000.434)
OS uptime: 1 days 10:18 hours
Hyper-V role detected

CPU:total 20 (initial active 20) (10 cores per cpu, 2 threads per core) family 6 model 165 stepping 5 microcode 0xe0, cmov, cx8, fxsr, mmx, sse, sse2, sse3, ssse3, sse4.1, sse4.2, popcnt, avx, avx2, aes, clmul, erms, 3dnowpref, lzcnt, ht, tsc, tscinvbit, bmi1, bmi2, adx, fma

Memory: 4k page, system-wide physical 16230M (871M free)
TotalPageFile size 26230M (AvailPageFile size 8M)
current process WorkingSet (physical memory assigned to process): 302M, peak: 306M
current process commit charge ("private bytes"): 480M, peak: 485M

vm_info: OpenJDK 64-Bit Server VM (11.0.11+9-b60-7590822) for windows-amd64 JRE (11.0.11+9-b60-7590822), built on Jul 29 2021 21:43:44 by "builder" with MS VC++ 14.0 (VS2015)

END.
